2020-02-05 05:03:19.351  INFO 6660 --- [restartedMain] com.albiontools.AlbionToolsApplication   : Starting AlbionToolsApplication on DESKTOP-O4HRQ66 with PID 6660 (started by Petkovics in D:\programozas\SpringBoot\STS Projects\AlbionTools)
2020-02-05 05:03:19.358  INFO 6660 --- [restartedMain] com.albiontools.AlbionToolsApplication   : No active profile set, falling back to default profiles: default
2020-02-05 05:03:19.416  INFO 6660 --- [restartedMain] o.s.b.devtools.restart.ChangeableUrls    : The Class-Path manifest attribute in C:\Users\Petkovics\.m2\repository\org\glassfish\jaxb\jaxb-runtime\2.3.2\jaxb-runtime-2.3.2.jar referenced one or more files that do not exist: file:/C:/Users/Petkovics/.m2/repository/org/glassfish/jaxb/jaxb-runtime/2.3.2/jakarta.xml.bind-api-2.3.2.jar,file:/C:/Users/Petkovics/.m2/repository/org/glassfish/jaxb/jaxb-runtime/2.3.2/txw2-2.3.2.jar,file:/C:/Users/Petkovics/.m2/repository/org/glassfish/jaxb/jaxb-runtime/2.3.2/istack-commons-runtime-3.0.8.jar,file:/C:/Users/Petkovics/.m2/repository/org/glassfish/jaxb/jaxb-runtime/2.3.2/stax-ex-1.8.1.jar,file:/C:/Users/Petkovics/.m2/repository/org/glassfish/jaxb/jaxb-runtime/2.3.2/FastInfoset-1.2.16.jar,file:/C:/Users/Petkovics/.m2/repository/org/glassfish/jaxb/jaxb-runtime/2.3.2/jakarta.activation-api-1.2.1.jar
2020-02-05 05:03:19.417  INFO 6660 --- [restartedMain] .e.DevToolsPropertyDefaultsPostProcessor : Devtools property defaults active! Set 'spring.devtools.add-properties' to 'false' to disable
2020-02-05 05:03:19.417  INFO 6660 --- [restartedMain] .e.DevToolsPropertyDefaultsPostProcessor : For additional web related logging consider setting the 'logging.level.web' property to 'DEBUG'
2020-02-05 05:03:20.076  INFO 6660 --- [restartedMain] .s.d.r.c.RepositoryConfigurationDelegate : Bootstrapping Spring Data JPA repositories in DEFAULT mode.
2020-02-05 05:03:20.139  INFO 6660 --- [restartedMain] .s.d.r.c.RepositoryConfigurationDelegate : Finished Spring Data repository scanning in 57ms. Found 3 JPA repository interfaces.
2020-02-05 05:03:20.432  INFO 6660 --- [restartedMain] trationDelegate$BeanPostProcessorChecker : Bean 'org.springframework.transaction.annotation.ProxyTransactionManagementConfiguration' of type [org.springframework.transaction.annotation.ProxyTransactionManagementConfiguration] is not eligible for getting processed by all BeanPostProcessors (for example: not eligible for auto-proxying)
2020-02-05 05:03:20.664  INFO 6660 --- [restartedMain] o.s.b.w.embedded.tomcat.TomcatWebServer  : Tomcat initialized with port(s): 8080 (http)
2020-02-05 05:03:20.670  INFO 6660 --- [restartedMain] o.apache.catalina.core.StandardService   : Starting service [Tomcat]
2020-02-05 05:03:20.670  INFO 6660 --- [restartedMain] org.apache.catalina.core.StandardEngine  : Starting Servlet engine: [Apache Tomcat/9.0.29]
2020-02-05 05:03:20.747  INFO 6660 --- [restartedMain] o.a.c.c.C.[Tomcat].[localhost].[/]       : Initializing Spring embedded WebApplicationContext
2020-02-05 05:03:20.747  INFO 6660 --- [restartedMain] o.s.web.context.ContextLoader            : Root WebApplicationContext: initialization completed in 1330 ms
2020-02-05 05:03:20.783  INFO 6660 --- [restartedMain] com.zaxxer.hikari.HikariDataSource       : HikariPool-1 - Starting...
2020-02-05 05:03:20.871  INFO 6660 --- [restartedMain] com.zaxxer.hikari.HikariDataSource       : HikariPool-1 - Start completed.
2020-02-05 05:03:20.876  INFO 6660 --- [restartedMain] o.s.b.a.h2.H2ConsoleAutoConfiguration    : H2 console available at '/h2-console'. Database available at 'jdbc:h2:mem:testdb'
2020-02-05 05:03:20.937  WARN 6660 --- [restartedMain] o.a.c.c.C.[Tomcat].[localhost].[/]       : Cannot deserialize session attribute [SPRING_SECURITY_CONTEXT] for session [8FA94CEF9BC8D2AFA314487BA2B20E2F]
2020-02-05 05:03:21.027  INFO 6660 --- [restartedMain] o.hibernate.jpa.internal.util.LogHelper  : HHH000204: Processing PersistenceUnitInfo [name: default]
2020-02-05 05:03:21.124  INFO 6660 --- [restartedMain] org.hibernate.Version                    : HHH000412: Hibernate Core {5.4.9.Final}
2020-02-05 05:03:21.217  INFO 6660 --- [restartedMain] o.hibernate.annotations.common.Version   : HCANN000001: Hibernate Commons Annotations {5.1.0.Final}
2020-02-05 05:03:21.313  INFO 6660 --- [restartedMain] org.hibernate.dialect.Dialect            : HHH000400: Using dialect: org.hibernate.dialect.H2Dialect
2020-02-05 05:03:21.886  INFO 6660 --- [restartedMain] o.h.e.t.j.p.i.JtaPlatformInitiator       : HHH000490: Using JtaPlatform implementation: [org.hibernate.engine.transaction.jta.platform.internal.NoJtaPlatform]
2020-02-05 05:03:21.893  INFO 6660 --- [restartedMain] j.LocalContainerEntityManagerFactoryBean : Initialized JPA EntityManagerFactory for persistence unit 'default'
2020-02-05 05:03:21.921  INFO 6660 --- [restartedMain] o.s.b.d.a.OptionalLiveReloadServer       : LiveReload server is running on port 35729
2020-02-05 05:03:22.464  INFO 6660 --- [restartedMain] o.s.s.web.DefaultSecurityFilterChain     : Creating filter chain: any request, [org.springframework.security.web.context.request.async.WebAsyncManagerIntegrationFilter@1afbae9e, org.springframework.security.web.context.SecurityContextPersistenceFilter@338a15f0, org.springframework.security.web.header.HeaderWriterFilter@2306d57e, org.springframework.security.web.authentication.logout.LogoutFilter@550936ab, org.springframework.security.web.authentication.UsernamePasswordAuthenticationFilter@48e2f5d, org.springframework.security.web.savedrequest.RequestCacheAwareFilter@6d77b0b7, org.springframework.security.web.servletapi.SecurityContextHolderAwareRequestFilter@25f40f57, org.springframework.security.web.authentication.rememberme.RememberMeAuthenticationFilter@478b8230, org.springframework.security.web.authentication.AnonymousAuthenticationFilter@7060f3e4, org.springframework.security.web.session.SessionManagementFilter@47e39efe, org.springframework.security.web.access.ExceptionTranslationFilter@13f91e57, org.springframework.security.web.access.intercept.FilterSecurityInterceptor@71037761]
2020-02-05 05:03:22.572  INFO 6660 --- [restartedMain] o.s.s.concurrent.ThreadPoolTaskExecutor  : Initializing ExecutorService 'applicationTaskExecutor'
2020-02-05 05:03:22.637  INFO 6660 --- [restartedMain] o.s.b.a.w.s.WelcomePageHandlerMapping    : Adding welcome page template: index
2020-02-05 05:03:22.799  INFO 6660 --- [restartedMain] o.s.b.w.embedded.tomcat.TomcatWebServer  : Tomcat started on port(s): 8080 (http) with context path ''
2020-02-05 05:03:22.802  INFO 6660 --- [restartedMain] com.albiontools.AlbionToolsApplication   : Started AlbionToolsApplication in 3.735 seconds (JVM running for 4.641)
2020-02-05 05:03:26.941  INFO 6660 --- [http-nio-8080-exec-1] o.a.c.c.C.[Tomcat].[localhost].[/]       : Initializing Spring DispatcherServlet 'dispatcherServlet'
2020-02-05 05:03:26.942  INFO 6660 --- [http-nio-8080-exec-1] o.s.web.servlet.DispatcherServlet        : Initializing Servlet 'dispatcherServlet'
2020-02-05 05:03:26.949  INFO 6660 --- [http-nio-8080-exec-1] o.s.web.servlet.DispatcherServlet        : Completed initialization in 7 ms
2020-02-05 05:03:30.437  INFO 6660 --- [http-nio-8080-exec-6] c.a.s.a.controller.AccountController     : /user/login is called by: anonymousUser(0:0:0:0:0:0:0:1)
2020-02-05 05:03:41.688  INFO 6660 --- [http-nio-8080-exec-1] c.a.s.a.controller.AccountController     : /user/login is called by: anonymousUser(0:0:0:0:0:0:0:1)
2020-02-05 05:04:01.722  INFO 6660 --- [RMI TCP Connection(2)-127.0.0.1] inMXBeanRegistrar$SpringApplicationAdmin : Application shutdown requested.
2020-02-05 05:04:01.724  INFO 6660 --- [RMI TCP Connection(2)-127.0.0.1] o.s.s.concurrent.ThreadPoolTaskExecutor  : Shutting down ExecutorService 'applicationTaskExecutor'
2020-02-05 05:04:01.725  INFO 6660 --- [RMI TCP Connection(2)-127.0.0.1] j.LocalContainerEntityManagerFactoryBean : Closing JPA EntityManagerFactory for persistence unit 'default'
2020-02-05 05:04:01.726  INFO 6660 --- [RMI TCP Connection(2)-127.0.0.1] .SchemaDropperImpl$DelayedDropActionImpl : HHH000477: Starting delayed evictData of schema as part of SessionFactory shut-down'
2020-02-05 05:04:01.727 ERROR 6660 --- [RMI TCP Connection(2)-127.0.0.1] .SchemaDropperImpl$DelayedDropActionImpl : HHH000478: Unsuccessful: drop table roles if exists
2020-02-05 05:04:01.727 ERROR 6660 --- [RMI TCP Connection(2)-127.0.0.1] .SchemaDropperImpl$DelayedDropActionImpl : HHH000478: Unsuccessful: drop table tokens if exists
2020-02-05 05:04:01.727 ERROR 6660 --- [RMI TCP Connection(2)-127.0.0.1] .SchemaDropperImpl$DelayedDropActionImpl : HHH000478: Unsuccessful: drop table users if exists
2020-02-05 05:04:01.946  WARN 6660 --- [RMI TCP Connection(2)-127.0.0.1] o.s.b.f.support.DisposableBeanAdapter    : Invocation of destroy method failed on bean with name 'inMemoryDatabaseShutdownExecutor': org.h2.jdbc.JdbcSQLNonTransientConnectionException: Database is already closed (to disable automatic closing at VM shutdown, add ";DB_CLOSE_ON_EXIT=FALSE" to the db URL) [90121-200]
2020-02-05 05:04:01.947  INFO 6660 --- [RMI TCP Connection(2)-127.0.0.1] com.zaxxer.hikari.HikariDataSource       : HikariPool-1 - Shutdown initiated...
2020-02-05 05:04:01.949  INFO 6660 --- [RMI TCP Connection(2)-127.0.0.1] com.zaxxer.hikari.HikariDataSource       : HikariPool-1 - Shutdown completed.
2020-02-05 09:01:31.081  INFO 1528 --- [restartedMain] com.albiontools.AlbionToolsApplication   : Starting AlbionToolsApplication on DESKTOP-O4HRQ66 with PID 1528 (started by Petkovics in D:\programozas\SpringBoot\STS Projects\AlbionTools)
2020-02-05 09:01:31.097  INFO 1528 --- [restartedMain] com.albiontools.AlbionToolsApplication   : No active profile set, falling back to default profiles: default
2020-02-05 09:01:31.175  INFO 1528 --- [restartedMain] o.s.b.devtools.restart.ChangeableUrls    : The Class-Path manifest attribute in C:\Users\Petkovics\.m2\repository\org\glassfish\jaxb\jaxb-runtime\2.3.2\jaxb-runtime-2.3.2.jar referenced one or more files that do not exist: file:/C:/Users/Petkovics/.m2/repository/org/glassfish/jaxb/jaxb-runtime/2.3.2/jakarta.xml.bind-api-2.3.2.jar,file:/C:/Users/Petkovics/.m2/repository/org/glassfish/jaxb/jaxb-runtime/2.3.2/txw2-2.3.2.jar,file:/C:/Users/Petkovics/.m2/repository/org/glassfish/jaxb/jaxb-runtime/2.3.2/istack-commons-runtime-3.0.8.jar,file:/C:/Users/Petkovics/.m2/repository/org/glassfish/jaxb/jaxb-runtime/2.3.2/stax-ex-1.8.1.jar,file:/C:/Users/Petkovics/.m2/repository/org/glassfish/jaxb/jaxb-runtime/2.3.2/FastInfoset-1.2.16.jar,file:/C:/Users/Petkovics/.m2/repository/org/glassfish/jaxb/jaxb-runtime/2.3.2/jakarta.activation-api-1.2.1.jar
2020-02-05 09:01:31.175  INFO 1528 --- [restartedMain] .e.DevToolsPropertyDefaultsPostProcessor : Devtools property defaults active! Set 'spring.devtools.add-properties' to 'false' to disable
2020-02-05 09:01:31.198  INFO 1528 --- [restartedMain] .e.DevToolsPropertyDefaultsPostProcessor : For additional web related logging consider setting the 'logging.level.web' property to 'DEBUG'
2020-02-05 09:01:32.616  INFO 1528 --- [restartedMain] .s.d.r.c.RepositoryConfigurationDelegate : Bootstrapping Spring Data JPA repositories in DEFAULT mode.
2020-02-05 09:01:32.736  INFO 1528 --- [restartedMain] .s.d.r.c.RepositoryConfigurationDelegate : Finished Spring Data repository scanning in 110ms. Found 3 JPA repository interfaces.
2020-02-05 09:01:33.236  INFO 1528 --- [restartedMain] trationDelegate$BeanPostProcessorChecker : Bean 'org.springframework.transaction.annotation.ProxyTransactionManagementConfiguration' of type [org.springframework.transaction.annotation.ProxyTransactionManagementConfiguration] is not eligible for getting processed by all BeanPostProcessors (for example: not eligible for auto-proxying)
2020-02-05 09:01:33.717  INFO 1528 --- [restartedMain] o.s.b.w.embedded.tomcat.TomcatWebServer  : Tomcat initialized with port(s): 8080 (http)
2020-02-05 09:01:33.728  INFO 1528 --- [restartedMain] o.apache.catalina.core.StandardService   : Starting service [Tomcat]
2020-02-05 09:01:33.729  INFO 1528 --- [restartedMain] org.apache.catalina.core.StandardEngine  : Starting Servlet engine: [Apache Tomcat/9.0.29]
2020-02-05 09:01:33.906  INFO 1528 --- [restartedMain] o.a.c.c.C.[Tomcat].[localhost].[/]       : Initializing Spring embedded WebApplicationContext
2020-02-05 09:01:33.907  INFO 1528 --- [restartedMain] o.s.web.context.ContextLoader            : Root WebApplicationContext: initialization completed in 2709 ms
2020-02-05 09:01:33.980  INFO 1528 --- [restartedMain] com.zaxxer.hikari.HikariDataSource       : HikariPool-1 - Starting...
2020-02-05 09:01:34.229  INFO 1528 --- [restartedMain] com.zaxxer.hikari.HikariDataSource       : HikariPool-1 - Start completed.
2020-02-05 09:01:34.244  INFO 1528 --- [restartedMain] o.s.b.a.h2.H2ConsoleAutoConfiguration    : H2 console available at '/h2-console'. Database available at 'jdbc:h2:mem:testdb'
2020-02-05 09:01:34.404  WARN 1528 --- [restartedMain] o.a.c.c.C.[Tomcat].[localhost].[/]       : Cannot deserialize session attribute [SPRING_SECURITY_CONTEXT] for session [BB5095D6594FC7A2E9FFC7CE75A706C7]
2020-02-05 09:01:34.410 ERROR 1528 --- [restartedMain] o.a.catalina.session.StandardManager     : Exception loading sessions from persistent storage

java.io.StreamCorruptedException: invalid type code: 00
	at java.io.ObjectInputStream.readObject0(Unknown Source) ~[na:1.8.0_221]
	at java.io.ObjectInputStream.defaultReadFields(Unknown Source) ~[na:1.8.0_221]
	at java.io.ObjectInputStream.defaultReadObject(Unknown Source) ~[na:1.8.0_221]
	at java.lang.Throwable.readObject(Unknown Source) ~[na:1.8.0_221]
	at sun.reflect.NativeMethodAccessorImpl.invoke0(Native Method) ~[na:1.8.0_221]
	at sun.reflect.NativeMethodAccessorImpl.invoke(Unknown Source) ~[na:1.8.0_221]
	at sun.reflect.DelegatingMethodAccessorImpl.invoke(Unknown Source) ~[na:1.8.0_221]
	at java.lang.reflect.Method.invoke(Unknown Source) ~[na:1.8.0_221]
	at java.io.ObjectStreamClass.invokeReadObject(Unknown Source) ~[na:1.8.0_221]
	at java.io.ObjectInputStream.readSerialData(Unknown Source) ~[na:1.8.0_221]
	at java.io.ObjectInputStream.readOrdinaryObject(Unknown Source) ~[na:1.8.0_221]
	at java.io.ObjectInputStream.readObject0(Unknown Source) ~[na:1.8.0_221]
	at java.io.ObjectInputStream.readObject(Unknown Source) ~[na:1.8.0_221]
	at org.apache.catalina.session.StandardSession.doReadObject(StandardSession.java:1554) ~[tomcat-embed-core-9.0.29.jar:9.0.29]
	at org.apache.catalina.session.StandardSession.readObjectData(StandardSession.java:1048) ~[tomcat-embed-core-9.0.29.jar:9.0.29]
	at org.apache.catalina.session.StandardManager.doLoad(StandardManager.java:218) ~[tomcat-embed-core-9.0.29.jar:9.0.29]
	at org.apache.catalina.session.StandardManager.load(StandardManager.java:162) ~[tomcat-embed-core-9.0.29.jar:9.0.29]
	at org.apache.catalina.session.StandardManager.startInternal(StandardManager.java:354) ~[tomcat-embed-core-9.0.29.jar:9.0.29]
	at org.apache.catalina.util.LifecycleBase.start(LifecycleBase.java:183) [tomcat-embed-core-9.0.29.jar:9.0.29]
	at org.apache.catalina.core.StandardContext.startInternal(StandardContext.java:5163) [tomcat-embed-core-9.0.29.jar:9.0.29]
	at org.apache.catalina.util.LifecycleBase.start(LifecycleBase.java:183) [tomcat-embed-core-9.0.29.jar:9.0.29]
	at org.apache.catalina.core.ContainerBase$StartChild.call(ContainerBase.java:1384) [tomcat-embed-core-9.0.29.jar:9.0.29]
	at org.apache.catalina.core.ContainerBase$StartChild.call(ContainerBase.java:1374) [tomcat-embed-core-9.0.29.jar:9.0.29]
	at java.util.concurrent.FutureTask.run(Unknown Source) [na:1.8.0_221]
	at org.apache.tomcat.util.threads.InlineExecutorService.execute(InlineExecutorService.java:75) [tomcat-embed-core-9.0.29.jar:9.0.29]
	at java.util.concurrent.AbstractExecutorService.submit(Unknown Source) [na:1.8.0_221]
	at org.apache.catalina.core.ContainerBase.startInternal(ContainerBase.java:909) [tomcat-embed-core-9.0.29.jar:9.0.29]
	at org.apache.catalina.core.StandardHost.startInternal(StandardHost.java:841) [tomcat-embed-core-9.0.29.jar:9.0.29]
	at org.apache.catalina.util.LifecycleBase.start(LifecycleBase.java:183) [tomcat-embed-core-9.0.29.jar:9.0.29]
	at org.apache.catalina.core.ContainerBase$StartChild.call(ContainerBase.java:1384) [tomcat-embed-core-9.0.29.jar:9.0.29]
	at org.apache.catalina.core.ContainerBase$StartChild.call(ContainerBase.java:1374) [tomcat-embed-core-9.0.29.jar:9.0.29]
	at java.util.concurrent.FutureTask.run(Unknown Source) [na:1.8.0_221]
	at org.apache.tomcat.util.threads.InlineExecutorService.execute(InlineExecutorService.java:75) [tomcat-embed-core-9.0.29.jar:9.0.29]
	at java.util.concurrent.AbstractExecutorService.submit(Unknown Source) [na:1.8.0_221]
	at org.apache.catalina.core.ContainerBase.startInternal(ContainerBase.java:909) [tomcat-embed-core-9.0.29.jar:9.0.29]
	at org.apache.catalina.core.StandardEngine.startInternal(StandardEngine.java:262) [tomcat-embed-core-9.0.29.jar:9.0.29]
	at org.apache.catalina.util.LifecycleBase.start(LifecycleBase.java:183) [tomcat-embed-core-9.0.29.jar:9.0.29]
	at org.apache.catalina.core.StandardService.startInternal(StandardService.java:421) [tomcat-embed-core-9.0.29.jar:9.0.29]
	at org.apache.catalina.util.LifecycleBase.start(LifecycleBase.java:183) [tomcat-embed-core-9.0.29.jar:9.0.29]
	at org.apache.catalina.core.StandardServer.startInternal(StandardServer.java:930) [tomcat-embed-core-9.0.29.jar:9.0.29]
	at org.apache.catalina.util.LifecycleBase.start(LifecycleBase.java:183) [tomcat-embed-core-9.0.29.jar:9.0.29]
	at org.apache.catalina.startup.Tomcat.start(Tomcat.java:459) [tomcat-embed-core-9.0.29.jar:9.0.29]
	at org.springframework.boot.web.embedded.tomcat.TomcatWebServer.initialize(TomcatWebServer.java:107) [spring-boot-2.2.2.RELEASE.jar:2.2.2.RELEASE]
	at org.springframework.boot.web.embedded.tomcat.TomcatWebServer.<init>(TomcatWebServer.java:88) [spring-boot-2.2.2.RELEASE.jar:2.2.2.RELEASE]
	at org.springframework.boot.web.embedded.tomcat.TomcatServletWebServerFactory.getTomcatWebServer(TomcatServletWebServerFactory.java:438) [spring-boot-2.2.2.RELEASE.jar:2.2.2.RELEASE]
	at org.springframework.boot.web.embedded.tomcat.TomcatServletWebServerFactory.getWebServer(TomcatServletWebServerFactory.java:191) [spring-boot-2.2.2.RELEASE.jar:2.2.2.RELEASE]
	at org.springframework.boot.web.servlet.context.ServletWebServerApplicationContext.createWebServer(ServletWebServerApplicationContext.java:180) [spring-boot-2.2.2.RELEASE.jar:2.2.2.RELEASE]
	at org.springframework.boot.web.servlet.context.ServletWebServerApplicationContext.onRefresh(ServletWebServerApplicationContext.java:153) [spring-boot-2.2.2.RELEASE.jar:2.2.2.RELEASE]
	at org.springframework.context.support.AbstractApplicationContext.refresh(AbstractApplicationContext.java:544) [spring-context-5.2.2.RELEASE.jar:5.2.2.RELEASE]
	at org.springframework.boot.web.servlet.context.ServletWebServerApplicationContext.refresh(ServletWebServerApplicationContext.java:141) [spring-boot-2.2.2.RELEASE.jar:2.2.2.RELEASE]
	at org.springframework.boot.SpringApplication.refresh(SpringApplication.java:747) [spring-boot-2.2.2.RELEASE.jar:2.2.2.RELEASE]
	at org.springframework.boot.SpringApplication.refreshContext(SpringApplication.java:397) [spring-boot-2.2.2.RELEASE.jar:2.2.2.RELEASE]
	at org.springframework.boot.SpringApplication.run(SpringApplication.java:315) [spring-boot-2.2.2.RELEASE.jar:2.2.2.RELEASE]
	at org.springframework.boot.SpringApplication.run(SpringApplication.java:1226) [spring-boot-2.2.2.RELEASE.jar:2.2.2.RELEASE]
	at org.springframework.boot.SpringApplication.run(SpringApplication.java:1215) [spring-boot-2.2.2.RELEASE.jar:2.2.2.RELEASE]
	at com.albiontools.AlbionToolsApplication.main(AlbionToolsApplication.java:28) [classes/:na]
	at sun.reflect.NativeMethodAccessorImpl.invoke0(Native Method) ~[na:1.8.0_221]
	at sun.reflect.NativeMethodAccessorImpl.invoke(Unknown Source) ~[na:1.8.0_221]
	at sun.reflect.DelegatingMethodAccessorImpl.invoke(Unknown Source) ~[na:1.8.0_221]
	at java.lang.reflect.Method.invoke(Unknown Source) ~[na:1.8.0_221]
	at org.springframework.boot.devtools.restart.RestartLauncher.run(RestartLauncher.java:49) [spring-boot-devtools-2.2.2.RELEASE.jar:2.2.2.RELEASE]

2020-02-05 09:01:34.572  INFO 1528 --- [restartedMain] o.hibernate.jpa.internal.util.LogHelper  : HHH000204: Processing PersistenceUnitInfo [name: default]
2020-02-05 09:01:34.760  INFO 1528 --- [restartedMain] org.hibernate.Version                    : HHH000412: Hibernate Core {5.4.9.Final}
2020-02-05 09:01:35.008  INFO 1528 --- [restartedMain] o.hibernate.annotations.common.Version   : HCANN000001: Hibernate Commons Annotations {5.1.0.Final}
2020-02-05 09:01:35.181  INFO 1528 --- [restartedMain] org.hibernate.dialect.Dialect            : HHH000400: Using dialect: org.hibernate.dialect.H2Dialect
2020-02-05 09:01:36.255  INFO 1528 --- [restartedMain] o.h.e.t.j.p.i.JtaPlatformInitiator       : HHH000490: Using JtaPlatform implementation: [org.hibernate.engine.transaction.jta.platform.internal.NoJtaPlatform]
2020-02-05 09:01:36.265  INFO 1528 --- [restartedMain] j.LocalContainerEntityManagerFactoryBean : Initialized JPA EntityManagerFactory for persistence unit 'default'
2020-02-05 09:01:36.334  INFO 1528 --- [restartedMain] o.s.b.d.a.OptionalLiveReloadServer       : LiveReload server is running on port 35729
2020-02-05 09:01:36.370  WARN 1528 --- [restartedMain] ConfigServletWebServerApplicationContext : Exception encountered during context initialization - cancelling refresh attempt: org.springframework.beans.factory.UnsatisfiedDependencyException: Error creating bean with name 'accountController': Unsatisfied dependency expressed through field 'customLogger'; nested exception is org.springframework.beans.factory.NoSuchBeanDefinitionException: No qualifying bean of type 'com.albiontools.logger.CustomLogger' available: expected at least 1 bean which qualifies as autowire candidate. Dependency annotations: {@org.springframework.beans.factory.annotation.Autowired(required=true)}
2020-02-05 09:01:36.371  INFO 1528 --- [restartedMain] j.LocalContainerEntityManagerFactoryBean : Closing JPA EntityManagerFactory for persistence unit 'default'
2020-02-05 09:01:36.371  INFO 1528 --- [restartedMain] .SchemaDropperImpl$DelayedDropActionImpl : HHH000477: Starting delayed evictData of schema as part of SessionFactory shut-down'
2020-02-05 09:01:36.373 ERROR 1528 --- [restartedMain] .SchemaDropperImpl$DelayedDropActionImpl : HHH000478: Unsuccessful: drop table roles if exists
2020-02-05 09:01:36.374 ERROR 1528 --- [restartedMain] .SchemaDropperImpl$DelayedDropActionImpl : HHH000478: Unsuccessful: drop table tokens if exists
2020-02-05 09:01:36.374 ERROR 1528 --- [restartedMain] .SchemaDropperImpl$DelayedDropActionImpl : HHH000478: Unsuccessful: drop table users if exists
2020-02-05 09:01:36.610  WARN 1528 --- [restartedMain] o.s.b.f.support.DisposableBeanAdapter    : Invocation of destroy method failed on bean with name 'inMemoryDatabaseShutdownExecutor': org.h2.jdbc.JdbcSQLNonTransientConnectionException: Database is already closed (to disable automatic closing at VM shutdown, add ";DB_CLOSE_ON_EXIT=FALSE" to the db URL) [90121-200]
2020-02-05 09:01:36.612  INFO 1528 --- [restartedMain] com.zaxxer.hikari.HikariDataSource       : HikariPool-1 - Shutdown initiated...
2020-02-05 09:01:36.615  INFO 1528 --- [restartedMain] com.zaxxer.hikari.HikariDataSource       : HikariPool-1 - Shutdown completed.
2020-02-05 09:01:36.617  INFO 1528 --- [restartedMain] o.apache.catalina.core.StandardService   : Stopping service [Tomcat]
2020-02-05 09:01:36.645  INFO 1528 --- [restartedMain] ConditionEvaluationReportLoggingListener : 

Error starting ApplicationContext. To display the conditions report re-run your application with 'debug' enabled.
2020-02-05 09:01:36.865 ERROR 1528 --- [restartedMain] o.s.b.d.LoggingFailureAnalysisReporter   : 

***************************
APPLICATION FAILED TO START
***************************

Description:

Field customLogger in com.albiontools.security.account.controller.AccountController required a bean of type 'com.albiontools.logger.CustomLogger' that could not be found.

The injection point has the following annotations:
	- @org.springframework.beans.factory.annotation.Autowired(required=true)


Action:

Consider defining a bean of type 'com.albiontools.logger.CustomLogger' in your configuration.

2020-02-05 09:02:52.522  INFO 9048 --- [restartedMain] com.albiontools.AlbionToolsApplication   : Starting AlbionToolsApplication on DESKTOP-O4HRQ66 with PID 9048 (started by Petkovics in D:\programozas\SpringBoot\STS Projects\AlbionTools)
2020-02-05 09:02:52.545  INFO 9048 --- [restartedMain] com.albiontools.AlbionToolsApplication   : No active profile set, falling back to default profiles: default
2020-02-05 09:02:52.598  INFO 9048 --- [restartedMain] o.s.b.devtools.restart.ChangeableUrls    : The Class-Path manifest attribute in C:\Users\Petkovics\.m2\repository\org\glassfish\jaxb\jaxb-runtime\2.3.2\jaxb-runtime-2.3.2.jar referenced one or more files that do not exist: file:/C:/Users/Petkovics/.m2/repository/org/glassfish/jaxb/jaxb-runtime/2.3.2/jakarta.xml.bind-api-2.3.2.jar,file:/C:/Users/Petkovics/.m2/repository/org/glassfish/jaxb/jaxb-runtime/2.3.2/txw2-2.3.2.jar,file:/C:/Users/Petkovics/.m2/repository/org/glassfish/jaxb/jaxb-runtime/2.3.2/istack-commons-runtime-3.0.8.jar,file:/C:/Users/Petkovics/.m2/repository/org/glassfish/jaxb/jaxb-runtime/2.3.2/stax-ex-1.8.1.jar,file:/C:/Users/Petkovics/.m2/repository/org/glassfish/jaxb/jaxb-runtime/2.3.2/FastInfoset-1.2.16.jar,file:/C:/Users/Petkovics/.m2/repository/org/glassfish/jaxb/jaxb-runtime/2.3.2/jakarta.activation-api-1.2.1.jar
2020-02-05 09:02:52.598  INFO 9048 --- [restartedMain] .e.DevToolsPropertyDefaultsPostProcessor : Devtools property defaults active! Set 'spring.devtools.add-properties' to 'false' to disable
2020-02-05 09:02:52.598  INFO 9048 --- [restartedMain] .e.DevToolsPropertyDefaultsPostProcessor : For additional web related logging consider setting the 'logging.level.web' property to 'DEBUG'
2020-02-05 09:02:53.474  INFO 9048 --- [restartedMain] .s.d.r.c.RepositoryConfigurationDelegate : Bootstrapping Spring Data JPA repositories in DEFAULT mode.
2020-02-05 09:02:53.545  INFO 9048 --- [restartedMain] .s.d.r.c.RepositoryConfigurationDelegate : Finished Spring Data repository scanning in 62ms. Found 3 JPA repository interfaces.
2020-02-05 09:02:53.922  INFO 9048 --- [restartedMain] trationDelegate$BeanPostProcessorChecker : Bean 'org.springframework.transaction.annotation.ProxyTransactionManagementConfiguration' of type [org.springframework.transaction.annotation.ProxyTransactionManagementConfiguration] is not eligible for getting processed by all BeanPostProcessors (for example: not eligible for auto-proxying)
2020-02-05 09:02:54.384  INFO 9048 --- [restartedMain] o.s.b.w.embedded.tomcat.TomcatWebServer  : Tomcat initialized with port(s): 8080 (http)
2020-02-05 09:02:54.391  INFO 9048 --- [restartedMain] o.apache.catalina.core.StandardService   : Starting service [Tomcat]
2020-02-05 09:02:54.392  INFO 9048 --- [restartedMain] org.apache.catalina.core.StandardEngine  : Starting Servlet engine: [Apache Tomcat/9.0.29]
2020-02-05 09:02:54.486  INFO 9048 --- [restartedMain] o.a.c.c.C.[Tomcat].[localhost].[/]       : Initializing Spring embedded WebApplicationContext
2020-02-05 09:02:54.487  INFO 9048 --- [restartedMain] o.s.web.context.ContextLoader            : Root WebApplicationContext: initialization completed in 1889 ms
2020-02-05 09:02:54.527  INFO 9048 --- [restartedMain] com.zaxxer.hikari.HikariDataSource       : HikariPool-1 - Starting...
2020-02-05 09:02:54.659  INFO 9048 --- [restartedMain] com.zaxxer.hikari.HikariDataSource       : HikariPool-1 - Start completed.
2020-02-05 09:02:54.664  INFO 9048 --- [restartedMain] o.s.b.a.h2.H2ConsoleAutoConfiguration    : H2 console available at '/h2-console'. Database available at 'jdbc:h2:mem:testdb'
2020-02-05 09:02:54.849  INFO 9048 --- [restartedMain] o.hibernate.jpa.internal.util.LogHelper  : HHH000204: Processing PersistenceUnitInfo [name: default]
2020-02-05 09:02:54.996  INFO 9048 --- [restartedMain] org.hibernate.Version                    : HHH000412: Hibernate Core {5.4.9.Final}
2020-02-05 09:02:55.141  INFO 9048 --- [restartedMain] o.hibernate.annotations.common.Version   : HCANN000001: Hibernate Commons Annotations {5.1.0.Final}
2020-02-05 09:02:55.250  INFO 9048 --- [restartedMain] org.hibernate.dialect.Dialect            : HHH000400: Using dialect: org.hibernate.dialect.H2Dialect
2020-02-05 09:02:56.057  INFO 9048 --- [restartedMain] o.h.e.t.j.p.i.JtaPlatformInitiator       : HHH000490: Using JtaPlatform implementation: [org.hibernate.engine.transaction.jta.platform.internal.NoJtaPlatform]
2020-02-05 09:02:56.062  INFO 9048 --- [restartedMain] j.LocalContainerEntityManagerFactoryBean : Initialized JPA EntityManagerFactory for persistence unit 'default'
2020-02-05 09:02:56.090  INFO 9048 --- [restartedMain] o.s.b.d.a.OptionalLiveReloadServer       : LiveReload server is running on port 35729
2020-02-05 09:02:56.803  INFO 9048 --- [restartedMain] o.s.s.web.DefaultSecurityFilterChain     : Creating filter chain: any request, [org.springframework.security.web.context.request.async.WebAsyncManagerIntegrationFilter@1ec55790, org.springframework.security.web.context.SecurityContextPersistenceFilter@1ab4a93b, org.springframework.security.web.header.HeaderWriterFilter@38fdf5e1, org.springframework.security.web.authentication.logout.LogoutFilter@49bb65f5, org.springframework.security.web.authentication.UsernamePasswordAuthenticationFilter@33fbecf4, org.springframework.security.web.savedrequest.RequestCacheAwareFilter@1cedb5bf, org.springframework.security.web.servletapi.SecurityContextHolderAwareRequestFilter@b630a69, org.springframework.security.web.authentication.rememberme.RememberMeAuthenticationFilter@262833e7, org.springframework.security.web.authentication.AnonymousAuthenticationFilter@49204f7a, org.springframework.security.web.session.SessionManagementFilter@59c30ed7, org.springframework.security.web.access.ExceptionTranslationFilter@2f23a2e0, org.springframework.security.web.access.intercept.FilterSecurityInterceptor@455da10c]
2020-02-05 09:02:56.948  INFO 9048 --- [restartedMain] o.s.s.concurrent.ThreadPoolTaskExecutor  : Initializing ExecutorService 'applicationTaskExecutor'
2020-02-05 09:02:57.032  INFO 9048 --- [restartedMain] o.s.b.a.w.s.WelcomePageHandlerMapping    : Adding welcome page template: index
2020-02-05 09:02:57.242  INFO 9048 --- [restartedMain] o.s.b.w.embedded.tomcat.TomcatWebServer  : Tomcat started on port(s): 8080 (http) with context path ''
2020-02-05 09:02:57.244  INFO 9048 --- [restartedMain] com.albiontools.AlbionToolsApplication   : Started AlbionToolsApplication in 5.089 seconds (JVM running for 6.38)
2020-02-05 09:03:03.443  INFO 9048 --- [http-nio-8080-exec-1] o.a.c.c.C.[Tomcat].[localhost].[/]       : Initializing Spring DispatcherServlet 'dispatcherServlet'
2020-02-05 09:03:03.444  INFO 9048 --- [http-nio-8080-exec-1] o.s.web.servlet.DispatcherServlet        : Initializing Servlet 'dispatcherServlet'
2020-02-05 09:03:03.452  INFO 9048 --- [http-nio-8080-exec-1] o.s.web.servlet.DispatcherServlet        : Completed initialization in 8 ms
2020-02-05 09:03:05.777  INFO 9048 --- [http-nio-8080-exec-4] c.a.s.a.controller.AccountController     : /user/login is called by: anonymousUser(0:0:0:0:0:0:0:1)
2020-02-05 09:03:07.379  INFO 9048 --- [http-nio-8080-exec-9] c.a.s.a.controller.AccountController     : /user/login is called by: anonymousUser(0:0:0:0:0:0:0:1)
2020-02-05 09:03:20.173  INFO 9048 --- [RMI TCP Connection(2)-127.0.0.1] inMXBeanRegistrar$SpringApplicationAdmin : Application shutdown requested.
2020-02-05 09:03:20.177  INFO 9048 --- [RMI TCP Connection(2)-127.0.0.1] o.s.s.concurrent.ThreadPoolTaskExecutor  : Shutting down ExecutorService 'applicationTaskExecutor'
2020-02-05 09:03:20.178  INFO 9048 --- [RMI TCP Connection(2)-127.0.0.1] j.LocalContainerEntityManagerFactoryBean : Closing JPA EntityManagerFactory for persistence unit 'default'
2020-02-05 09:03:20.179  INFO 9048 --- [RMI TCP Connection(2)-127.0.0.1] .SchemaDropperImpl$DelayedDropActionImpl : HHH000477: Starting delayed evictData of schema as part of SessionFactory shut-down'
2020-02-05 09:03:20.182 ERROR 9048 --- [RMI TCP Connection(2)-127.0.0.1] .SchemaDropperImpl$DelayedDropActionImpl : HHH000478: Unsuccessful: drop table roles if exists
2020-02-05 09:03:20.182 ERROR 9048 --- [RMI TCP Connection(2)-127.0.0.1] .SchemaDropperImpl$DelayedDropActionImpl : HHH000478: Unsuccessful: drop table tokens if exists
2020-02-05 09:03:20.183 ERROR 9048 --- [RMI TCP Connection(2)-127.0.0.1] .SchemaDropperImpl$DelayedDropActionImpl : HHH000478: Unsuccessful: drop table users if exists
2020-02-05 09:03:20.412  WARN 9048 --- [RMI TCP Connection(2)-127.0.0.1] o.s.b.f.support.DisposableBeanAdapter    : Invocation of destroy method failed on bean with name 'inMemoryDatabaseShutdownExecutor': org.h2.jdbc.JdbcSQLNonTransientConnectionException: Database is already closed (to disable automatic closing at VM shutdown, add ";DB_CLOSE_ON_EXIT=FALSE" to the db URL) [90121-200]
2020-02-05 09:03:20.413  INFO 9048 --- [RMI TCP Connection(2)-127.0.0.1] com.zaxxer.hikari.HikariDataSource       : HikariPool-1 - Shutdown initiated...
2020-02-05 09:03:20.415  INFO 9048 --- [RMI TCP Connection(2)-127.0.0.1] com.zaxxer.hikari.HikariDataSource       : HikariPool-1 - Shutdown completed.
